<?xml version="1.0" encoding="UTF-8"?>
<testng-results ignored="0" total="1" passed="1" failed="0" skipped="0">
  <reporter-output>
  </reporter-output>
  <suite started-at="2026-02-26T18:32:27 IST" name="Default suite" finished-at="2026-02-26T18:32:36 IST" duration-ms="8830">
    <groups>
    </groups>
    <test started-at="2026-02-26T18:32:27 IST" name="Default test" finished-at="2026-02-26T18:32:36 IST" duration-ms="8830">
      <class name="tests.LoginTest">
        <test-method signature="testLogin()[pri:0, instance:tests.LoginTest@293a5bf6]" started-at="2026-02-26T18:32:27 IST" name="testLogin" finished-at="2026-02-26T18:32:36 IST" duration-ms="8742" status="PASS">
          <reporter-output>
          </reporter-output>
        </test-method> <!-- testLogin -->
      </class> <!-- tests.LoginTest -->
    </test> <!-- Default test -->
  </suite> <!-- Default suite -->
</testng-results>
